[Message:   BepInEx] BepInEx 5.4.21.0 - Lethal Company (1/9/2024 6:43:09 PM)
[Info   :   BepInEx] Running under Unity v2022.3.9.15351836
[Info   :   BepInEx] CLR runtime version: 4.0.30319.42000
[Info   :   BepInEx] Supports SRE: True
[Info   :   BepInEx] System platform: Bits64, Windows
[Message:   BepInEx] Preloader started
[Info   :   BepInEx] Loaded 1 patcher method from [BepInEx.Preloader 5.4.21.0]
[Info   :   BepInEx] 1 patcher plugin loaded
[Info   :   BepInEx] Patching [UnityEngine.CoreModule] with [BepInEx.Chainloader]
[Message:   BepInEx] Preloader finished
[Message:   BepInEx] Chainloader ready
[Message:   BepInEx] Chainloader started
[Info   :   BepInEx] 1 plugins to load
[Info   :   BepInEx] Loading [LethalExpansion 1.3.39]
[Info   :LethalExpansion] PluginName: LethalExpansion, VersionString: 1.3.39 is loading...
[Info   :LethalExpansion] Getting other plugins list
[Info   :LethalExpansion] Plugins folder found: C:\Users\USER\Desktop\Lethal Company Modded\BepInEx\plugins
[Info   :LethalExpansion] Mod path is: C:\Users\USER\Desktop\Lethal Company Modded\BepInEx\plugins\HolographicWings
[Info   :LethalExpansion] Module found: Kast v1.3.0.0 Loaded in 11971ms
[Info   :LethalExpansion] Water support applied to the HDRenderPipelineAsset.
[Info   :LethalExpansion] PluginName: LethalExpansion, VersionString: 1.3.39 is loaded.
[Message:   BepInEx] Chainloader startup complete
[Info   :LethalExpansion] Loading scene: InitSceneLaunchOptions
[Info   : Unity Log] Saving changed settings
[Info   :LethalExpansion] Unloading scene: InitSceneLaunchOptions
[Info   : Unity Log] subcribing to steam callbacks
[Info   :LethalExpansion] Loading scene: InitScene
[Info   :LethalExpansion] ItemShipAnimContainer Prefab registered.
[Info   :LethalExpansion] ItemShipAnimContainerChristmas Prefab registered.
[Info   :LethalExpansion] entranceteleport Prefab registered.
[Info   :LethalExpansion] Unloading scene: InitScene
[Info   :LethalExpansion] Loading scene: MainMenu
[Info   : Unity Log] Returning week num: 9
[Info   : Unity Log] week num: 9
[Info   : Unity Log] host button pressed
[Info   : Unity Log] Returning week num: 9
[Info   : Unity Log] Displaying menu message
[Info   : Unity Log] Connection approval callback! Game version of client request: 
[Info   : Unity Log] Joining client id: 0; Local/host client id: 0
[Info   : Unity Log] Stopped connection approval callback, as the client in question was the host!
[Warning: Unity Log] [Netcode] You cannot decline the host connection. The connection was automatically approved.
[Info   : Unity Log] started host!
[Info   : Unity Log] are we in a server?: True
[Info   :LethalExpansion] LethalExpansion Host Started.
[Info   : Unity Log] Lobby has been created
[Warning: Unity Log] [Dissonance:Recording] (22:26:36.518) CapturePipelineManager: Detected a frame skip, forcing capture pipeline reset (Delta Time:0.1882088)
[Info   :LethalExpansion] Unloading scene: MainMenu
[Info   : Unity Log] Enabling connection callbacks in StartOfRound
[Info   : Unity Log] Began listening to SceneManager_OnLoadComplete1 on this client
[Info   :LethalExpansion] Loading scene: SampleSceneRelay
[Debug  :LethalExpansion] Hotfix: Removing duplicated routes
[Debug  :LethalExpansion] 7route duplicated route removed.
[Debug  :LethalExpansion] Hotfix: 1 duplicated route(s) removed
[Info   :LethalExpansion] Terminal reset.
[Warning:LethalExpansion] The given key 'battery' was not present in the dictionary.
[Warning:LethalExpansion] The given key 'cannedfood' was not present in the dictionary.
[Warning:LethalExpansion] The given key 'matchbox' was not present in the dictionary.
[Warning:LethalExpansion] The given key 'pills' was not present in the dictionary.
[Warning:LethalExpansion] The given key 'HairDryer' was not present in the dictionary.
[Info   :LethalExpansion] 13-Kast Moon added.
[Info   :LethalExpansion] Moon route price updated.
[Info   :LethalExpansion] [sync]0|0>0|hostweathers=[sync]
[Info   :LethalExpansion] Terminal Main Patch.
[Warning: Unity Log] damageTrigger is disabled! Netcode for GameObjects does not support spawning disabled NetworkBehaviours! The InteractTrigger component was skipped during spawn!
[Info   : Unity Log] level id: 2
[Info   : Unity Log] Changing level
[Info   :LethalExpansion] [sync]1|0>-1|hostweathers=-1&2&-1&-1&-1&5&-1&2&-1&-1[sync]
[Info   :LethalExpansion] [sync]1|0>-1|hostweathers=-1&2&-1&-1&-1&5&-1&2&-1&-1[sync]
[Info   : Unity Log] Item sales percentages #0: 0
[Info   : Unity Log] Item sales percentages #1: 0
[Info   : Unity Log] Item sales percentages #2: 0
[Info   : Unity Log] Item sales percentages #3: 0
[Info   : Unity Log] Item sales percentages #4: 0
[Info   : Unity Log] Item sales percentages #5: 0
[Info   : Unity Log] Item sales percentages #6: 0
[Info   : Unity Log] Item sales percentages #7: 0
[Info   : Unity Log] Item sales percentages #8: 0
[Info   : Unity Log] Item sales percentages #9: 0
[Info   : Unity Log] Item sales percentages #10: 0
[Info   : Unity Log] Item sales percentages #11: 0
[Info   : Unity Log] Item sales percentages #12: 0
[Warning: Unity Log] NetworkVariable is written to, but doesn't know its NetworkBehaviour yet. Are you modifying a NetworkVariable before the NetworkObject is spawned?
[Info   : Unity Log] Suits: 1
[Info   : Unity Log] Suit #0: 0
[Info   : Unity Log] pos: (-2.45, 2.75, -8.41); rot: (0.00, 90.00, 0.00)
[Info   : Unity Log] Key 'shipGrabbableItems' does not exist
[Info   : Unity Log] Item sales percentages #0: 0
[Info   : Unity Log] Item sales percentages #1: 0
[Info   : Unity Log] Item sales percentages #2: 0
[Info   : Unity Log] Item sales percentages #3: 0
[Info   : Unity Log] Item sales percentages #4: 0
[Info   : Unity Log] Item sales percentages #5: 0
[Info   : Unity Log] Item sales percentages #6: 0
[Info   : Unity Log] Item sales percentages #7: 0
[Info   : Unity Log] Item sales percentages #8: 0
[Info   : Unity Log] Item sales percentages #9: 0
[Info   : Unity Log] Item sales percentages #10: 0
[Info   : Unity Log] Item sales percentages #11: 0
[Info   : Unity Log] Item sales percentages #12: 0
[Info   : Unity Log] Group credits: 9032
[Warning: Unity Log] BoxColliders does not support negative scale or size.
The effective box size has been forced positive and is likely to give unexpected collision geometry.
If you absolutely need to use negative scaling you can use the convex MeshCollider. Scene hierarchy path "Environment/HangarShip/LightSwitchContainer/PlacementCollider"
[Warning: Unity Log] BoxColliders does not support negative scale or size.
The effective box size has been forced positive and is likely to give unexpected collision geometry.
If you absolutely need to use negative scaling you can use the convex MeshCollider. Scene hierarchy path "Environment/HangarShip/Cube"
[Warning: Unity Log] BoxColliders does not support negative scale or size.
The effective box size has been forced positive and is likely to give unexpected collision geometry.
If you absolutely need to use negative scaling you can use the convex MeshCollider. Scene hierarchy path "Environment/HangarShip/AnimatedShipDoor/HangarDoorLeft (1)"
[Warning: Unity Log] BoxColliders does not support negative scale or size.
The effective box size has been forced positive and is likely to give unexpected collision geometry.
If you absolutely need to use negative scaling you can use the convex MeshCollider. Scene hierarchy path "Environment/HangarShip/ShipBottomColliders/Cube (1)"
[Warning: Unity Log] BoxColliders does not support negative scale or size.
The effective box size has been forced positive and is likely to give unexpected collision geometry.
If you absolutely need to use negative scaling you can use the convex MeshCollider. Scene hierarchy path "Environment/HangarShip/ControlDesk.001"
[Warning: Unity Log] BoxColliders does not support negative scale or size.
The effective box size has been forced positive and is likely to give unexpected collision geometry.
If you absolutely need to use negative scaling you can use the convex MeshCollider. Scene hierarchy path "Environment/HangarShip/ShipBottomColliders/Cube (3)"
[Warning: Unity Log] BoxColliders does not support negative scale or size.
The effective box size has been forced positive and is likely to give unexpected collision geometry.
If you absolutely need to use negative scaling you can use the convex MeshCollider. Scene hierarchy path "Environment/HangarShip/ShipBottomColliders/Cube (7)"
[Warning: Unity Log] BoxColliders does not support negative scale or size.
The effective box size has been forced positive and is likely to give unexpected collision geometry.
If you absolutely need to use negative scaling you can use the convex MeshCollider. Scene hierarchy path "Environment/HangarShip/StorageCloset/Cube.000/Cube"
[Warning: Unity Log] BoxColliders does not support negative scale or size.
The effective box size has been forced positive and is likely to give unexpected collision geometry.
If you absolutely need to use negative scaling you can use the convex MeshCollider. Scene hierarchy path "Environment/HangarShip/ShipBottomColliders/Cube (6)"
[Warning: Unity Log] BoxColliders does not support negative scale or size.
The effective box size has been forced positive and is likely to give unexpected collision geometry.
If you absolutely need to use negative scaling you can use the convex MeshCollider. Scene hierarchy path "Environment/HangarShip/ShipBottomColliders/Cube (8)"
[Warning: Unity Log] BoxColliders does not support negative scale or size.
The effective box size has been forced positive and is likely to give unexpected collision geometry.
If you absolutely need to use negative scaling you can use the convex MeshCollider. Scene hierarchy path "Environment/HangarShip/ShipBottomColliders/Cube (5)"
[Warning: Unity Log] BoxColliders does not support negative scale or size.
The effective box size has been forced positive and is likely to give unexpected collision geometry.
If you absolutely need to use negative scaling you can use the convex MeshCollider. Scene hierarchy path "Environment/HangarShip/ShipBottomColliders/Cube (4)"
[Info   : Unity Log] Taking control of player Player and enabling camera!
[Info   : Unity Log] Starting voice tracking for player: Frequency
[Info   : Unity Log] !!!! ENABLING CAMERA FOR PLAYER: Player
[Info   : Unity Log] !!!! connectedPlayersAmount: 0
[Info   : Unity Log] Has beta?: {hasBeta}
[Info   : Unity Log] Has beta save data: True
[Info   : Unity Log] PLAYER OPENED MENU
[Info   : Unity Log] In terminal menu: False
[Info   : Unity Log] PLAYER OPENED MENU
[Info   : Unity Log] In terminal menu: False
[Info   : Unity Log] PLAYER OPENED MENU
[Info   : Unity Log] In terminal menu: False
[Info   : Unity Log] PLAYER OPENED MENU
[Info   : Unity Log] In terminal menu: False
[Info   : Unity Log] Leaving current lobby
[Info   : Unity Log] Disconnecting and setting networkobjects to destroy with owner
[Info   : Unity Log] Got no ship grabbable items to save.
[Info   : Unity Log] Shutting down and disconnecting from server. Is host?: True
[Warning: Unity Log] [Dissonance:Recording] (22:26:54.620) BasicMicrophoneCapture: Insufficient buffer space, requested 25920, clamped to 16383 (dropping 9537 samples)
[Warning: Unity Log] [Dissonance:Recording] (22:26:54.622) BasePreprocessingPipeline: Lost 480 samples in the preprocessor (buffer full), injecting silence to compensate
[Warning: Unity Log] [Dissonance:Recording] (22:26:54.623) BasePreprocessingPipeline: Lost 960 samples in the preprocessor (buffer full), injecting silence to compensate
[Warning: Unity Log] [Dissonance:Recording] (22:26:54.624) BasePreprocessingPipeline: Lost 480 samples in the preprocessor (buffer full), injecting silence to compensate
[Warning: Unity Log] [Dissonance:Recording] (22:26:54.625) BasePreprocessingPipeline: Lost 960 samples in the preprocessor (buffer full), injecting silence to compensate
[Warning: Unity Log] [Dissonance:Recording] (22:26:54.626) BasePreprocessingPipeline: Lost 960 samples in the preprocessor (buffer full), injecting silence to compensate
[Info   : Unity Log] Resetting unlockables list!
[Info   : Unity Log] Scene manager is null
[Info   : Unity Log] Terminal disabled, disabling ESC key listener
[Info   : Unity Log] DISABLING connection callbacks in round manager
[Info   :LethalExpansion] Unloading scene: SampleSceneRelay
[Info   :LethalExpansion] Loading scene: MainMenu
[Info   : Unity Log] Returning week num: 9
[Info   : Unity Log] week num: 9
[Info   : Unity Log] unsubscribing from steam callbacks
